Start testing: Apr 02 23:16 MSK
----------------------------------------------------------
1/1 Testing: helloworld_tests
1/1 Test: helloworld_tests
Command: "/home/isavel/Nextcloud/Coding/С++/Otus/Month_1/Lesson_1/otus_lesson_1/build/test_version"
Directory: /home/isavel/Nextcloud/Coding/С++/Otus/Month_1/Lesson_1/otus_lesson_1/build
"helloworld_tests" start time: Apr 02 23:16 MSK
Output:
----------------------------------------------------------
Running 1 test case...
PROJECT_VERSION_PATCH: 666
[1;32;49m*** No errors detected
[0;39;49m
<end of output>
Test time =   0.00 sec
----------------------------------------------------------
Test Passed.
"helloworld_tests" end time: Apr 02 23:16 MSK
"helloworld_tests" time elapsed: 00:00:00
----------------------------------------------------------

End testing: Apr 02 23:16 MSK
